生成启动时间为 2016/10/31 9:50:49。
     1>项目“D:\_wangj_prj_sl\MySerial\MySerial\MySerial.vcxproj”在节点 2 上(Build 个目标)。
     1>ClCompile:
         C:\Program Files (x86)\Microsoft Visual Studio 12.0\VC\bin\CL.exe /c /ZI /nologo /W3 /WX- /sdl /Od /Oy- /D WIN32 /D _WINDOWS /D _DEBUG /D _UNICODE /D UNICODE /D _AFXDLL /Gm /EHsc /RTC1 /MDd /GS /fp:precise /Zc:wchar_t /Zc:forScope /Yu"stdafx.h" /Fp"Debug\MySerial.pch" /Fo"Debug\\" /Fd"Debug\vc120.pdb" /Gd /TP /analyze- /errorReport:prompt Config.cpp SerialPortDlg.cpp
         SerialPortDlg.cpp
         Config.cpp
     1>d:\_wangj_prj_sl\myserial\myserial\config.cpp(48): warning C4800: “BOOL”: 将值强制为布尔值“true”或“false”(性能警告)
     1>d:\_wangj_prj_sl\myserial\myserial\config.cpp(56): warning C4800: “BOOL”: 将值强制为布尔值“true”或“false”(性能警告)
         正在生成代码...
       Link:
         C:\Program Files (x86)\Microsoft Visual Studio 12.0\VC\bin\link.exe /ERRORREPORT:PROMPT /OUT:"D:\_wangj_prj_sl\MySerial\Debug\MySerial.exe" /INCREMENTAL /NOLOGO ControlCAN.lib /MANIFEST /MANIFESTUAC:"level='asInvoker' uiAccess='false'" /manifest:embed /manifestinput:"C:\Program Files (x86)\Microsoft Visual Studio 12.0\VC\Include\Manifest\dpiaware.manifest" /DEBUG /PDB:"D:\_wangj_prj_sl\MySerial\Debug\MySerial.pdb" /SUBSYSTEM:WINDOWS /TLBID:1 /ENTRY:"wWinMainCRTStartup" /DYNAMICBASE /NXCOMPAT /IMPLIB:"D:\_wangj_prj_sl\MySerial\Debug\MySerial.lib" /MACHINE:X86 Debug\MySerial.res
         Debug\CanDevice.obj
         Debug\CanDialog.obj
         Debug\CanMatrix.obj
         Debug\CommThread.obj
         Debug\Config.obj
         Debug\MySerial.obj
         Debug\MySerialDlg.obj
         Debug\MyString.obj
         Debug\MyUtility.obj
         Debug\RichEditCtrlEx.obj
         Debug\SerialPortDlg.obj
         Debug\stdafx.obj
         Debug\UartLogDlg.obj
         Debug\wj_utils.obj
         ControlCAN.lib
         MySerial.vcxproj -> D:\_wangj_prj_sl\MySerial\Debug\MySerial.exe
     1>已完成生成项目“D:\_wangj_prj_sl\MySerial\MySerial\MySerial.vcxproj”(Build 个目标)的操作。

生成成功。

已用时间 00:00:01.11
