d:\_wangj_prj_sl\myserial\myserial\debug\myserial.pch
d:\_wangj_prj_sl\myserial\myserial\debug\vc120.pdb
d:\_wangj_prj_sl\myserial\myserial\debug\vc120.idb
d:\_wangj_prj_sl\myserial\myserial\debug\stdafx.obj
d:\_wangj_prj_sl\myserial\myserial\debug\commthread.obj
d:\_wangj_prj_sl\myserial\myserial\debug\myserial.obj
d:\_wangj_prj_sl\myserial\myserial\debug\myserialdlg.obj
d:\_wangj_prj_sl\myserial\myserial\debug\mystring.obj
d:\_wangj_prj_sl\myserial\myserial\debug\myutility.obj
d:\_wangj_prj_sl\myserial\myserial\debug\richeditctrlex.obj
d:\_wangj_prj_sl\myserial\myserial\debug\serialportdlg.obj
d:\_wangj_prj_sl\myserial\myserial\debug\uartlogdlg.obj
d:\_wangj_prj_sl\myserial\myserial\debug\candevice.obj
d:\_wangj_prj_sl\myserial\myserial\debug\canmatrix.obj
d:\_wangj_prj_sl\myserial\myserial\debug\candialog.obj
d:\_wangj_prj_sl\myserial\debug\myserial.ilk
d:\_wangj_prj_sl\myserial\debug\myserial.exe
d:\_wangj_prj_sl\myserial\debug\myserial.pdb
d:\_wangj_prj_sl\myserial\myserial\debug\myserial.res
d:\_wangj_prj_sl\myserial\myserial\debug\myserial.tlog\cl.command.1.tlog
d:\_wangj_prj_sl\myserial\myserial\debug\myserial.tlog\cl.read.1.tlog
d:\_wangj_prj_sl\myserial\myserial\debug\myserial.tlog\cl.write.1.tlog
d:\_wangj_prj_sl\myserial\myserial\debug\myserial.tlog\link.command.1.tlog
d:\_wangj_prj_sl\myserial\myserial\debug\myserial.tlog\link.read.1.tlog
d:\_wangj_prj_sl\myserial\myserial\debug\myserial.tlog\link.write.1.tlog
d:\_wangj_prj_sl\myserial\myserial\debug\myserial.tlog\rc.command.1.tlog
d:\_wangj_prj_sl\myserial\myserial\debug\myserial.tlog\rc.read.1.tlog
d:\_wangj_prj_sl\myserial\myserial\debug\myserial.tlog\rc.write.1.tlog
