生成启动时间为 2016/8/12 13:45:15。
     1>项目“D:\_wangj_prj_sl\MySerial\MySerial\MySerial.vcxproj”在节点 2 上(Build 个目标)。
     1>ClCompile:
         C:\Program Files (x86)\Microsoft Visual Studio 12.0\VC\bin\CL.exe /c /Zi /nologo /W3 /WX- /sdl /O2 /Oi /Oy- /GL /D WIN32 /D _WINDOWS /D NDEBUG /D _UNICODE /D UNICODE /D _AFXDLL /Gm- /EHsc /MD /GS /Gy /fp:precise /Zc:wchar_t /Zc:forScope /Yu"stdafx.h" /Fp"Release\MySerial.pch" /Fo"Release\\" /Fd"Release\vc120.pdb" /Gd /TP /analyze- /errorReport:prompt RichEditCtrlEx.cpp
         RichEditCtrlEx.cpp
       Link:
         C:\Program Files (x86)\Microsoft Visual Studio 12.0\VC\bin\link.exe /ERRORREPORT:PROMPT /OUT:"D:\_wangj_prj_sl\MySerial\Release\MySerial.exe" /INCREMENTAL:NO /NOLOGO /MANIFEST /MANIFESTUAC:"level='asInvoker' uiAccess='false'" /manifest:embed /manifestinput:"C:\Program Files (x86)\Microsoft Visual Studio 12.0\VC\Include\Manifest\dpiaware.manifest" /DEBUG /PDB:"D:\_wangj_prj_sl\MySerial\Release\MySerial.pdb" /SUBSYSTEM:WINDOWS /OPT:REF /OPT:ICF /LTCG /TLBID:1 /ENTRY:"wWinMainCRTStartup" /DYNAMICBASE /NXCOMPAT /IMPLIB:"D:\_wangj_prj_sl\MySerial\Release\MySerial.lib" /MACHINE:X86 /SAFESEH Release\MySerial.res
         Release\CommThread.obj
         Release\MySerial.obj
         Release\MySerialDlg.obj
         Release\MyString.obj
         Release\MyUtility.obj
         Release\RichEditCtrlEx.obj
         Release\SerialPortDlg.obj
         Release\stdafx.obj
         Release\UartLogDlg.obj
         正在生成代码
         已完成代码的生成
         MySerial.vcxproj -> D:\_wangj_prj_sl\MySerial\Release\MySerial.exe
     1>已完成生成项目“D:\_wangj_prj_sl\MySerial\MySerial\MySerial.vcxproj”(Build 个目标)的操作。

生成成功。

已用时间 00:00:01.59
